<?xml version="1.0" encoding="UTF-8" ?>
<testsuite tests="2" failures="1" name="CalculatorTest" time="0.013" errors="0" skipped="0">
  <properties>
    <property name="java.runtime.name" value="OpenJDK Runtime Environment"/>
    <property name="java.vm.version" value="17.0.6+10"/>
    <property name="sun.boot.library.path" value="C:\Users\madhu\.sdkman\candidates\java\current\bin"/>
    <property name="maven.multiModuleProjectDirectory" value="D:/03playGround/training/TDD-PairProgramming"/>
    <property name="java.vm.vendor" value="Eclipse Adoptium"/>
    <property name="java.vendor.url" value="https://adoptium.net/"/>
    <property name="guice.disable.misplaced.annotation.check" value="true"/>
    <property name="path.separator" value=";"/>
    <property name="java.vm.name" value="OpenJDK 64-Bit Server VM"/>
    <property name="sun.os.patch.level" value=""/>
    <property name="user.script" value=""/>
    <property name="user.country" value="US"/>
    <property name="sun.java.launcher" value="SUN_STANDARD"/>
    <property name="java.vm.specification.name" value="Java Virtual Machine Specification"/>
    <property name="user.dir" value="D:\03playGround\training\TDD-PairProgramming"/>
    <property name="java.vm.compressedOopsMode" value="Zero based"/>
    <property name="java.runtime.version" value="17.0.6+10"/>
    <property name="os.arch" value="amd64"/>
    <property name="java.io.tmpdir" value="C:\Users\madhu\AppData\Local\Temp\"/>
    <property name="line.separator" value="
"/>
    <property name="java.vm.specification.vendor" value="Oracle Corporation"/>
    <property name="user.variant" value=""/>
    <property name="os.name" value="Windows 11"/>
    <property name="classworlds.conf" value="C:/Users/madhu/.sdkman/candidates/maven/current/bin/m2.conf"/>
    <property name="sun.jnu.encoding" value="Cp1252"/>
    <property name="java.library.path" value="C:\Users\madhu\.sdkman\candidates\java\current\bin;C:\WINDOWS\Sun\Java\bin;C:\WINDOWS\system32;C:\WINDOWS;C:\Users\madhu\.sdkman\candidates\springboot\current\bin;C:\Users\madhu\.sdkman\candidates\scala\current\bin;C:\Users\madhu\.sdkman\candidates\jmeter\current\bin;C:\Program Files\Git\mingw64\bin;C:\Program Files\Git\usr\bin;C:\Users\madhu\bin;C:\Python310\Scripts;C:\Python310;C:\Program Files (x86)\VMware\VMware Workstation\bin;C:\WINDOWS\system32;C:\WINDOWS;C:\WINDOWS\System32\Wbem;C:\WINDOWS\System32\WindowsPowerShell\v1.0;C:\WINDOWS\System32\OpenSSH;C:\Program Files\PuTTY;C:\Program Files\Microsoft VS Code\bin;C:\Program Files\Git\cmd;C:\Program Files\7-Zip;C:\Users\madhu\.sdkman\candidates\java\current\bin;C:\Users\madhu\.sdkman\candidates\maven\current\bin;C:\Users\madhu\.sdkman\candidates\gradle\current\bin;C:\ProgramData\chocolatey\bin;C:\Program Files (x86)\Yarn\bin;C:\Program Files (x86)\QuickTime\QTSystem;C:\Program Files\Docker\Docker\resources\bin;C:\ProgramData\DockerDesktop\version-bin;C:\Program Files\Kubernetes\Minikube;C:\Program Files\dotnet;C:\Program Files\nodejs;C:\Users\madhu\AppData\Local\Microsoft\WindowsApps;C:\Users\madhu;C:\Program Files\Amazon\AWSCLIV2;C:\Program Files\TortoiseGit\bin;C:\WINDOWS\system32;C:\WINDOWS;C:\WINDOWS\System32\Wbem;C:\WINDOWS\System32\WindowsPowerShell\v1.0;C:\WINDOWS\System32\OpenSSH;C:\Users\madhu\.sdkman\candidates\groovy\current\bin;C:\Program Files\PowerShell\7;C:\Users\madhu\.sdkman\candidates\groovy\current\bin;C:\Python310\Scripts;C:\Python310;C:\Program Files (x86)\VMware\VMware Workstation\bin;C:\WINDOWS\system32;C:\WINDOWS;C:\WINDOWS\System32\Wbem;C:\WINDOWS\System32\WindowsPowerShell\v1.0;C:\WINDOWS\System32\OpenSSH;C:\Program Files\PuTTY;C:\Program Files\Microsoft VS Code\bin;C:\Program Files\Git\cmd;C:\Program Files\7-Zip;C:\Users\madhu\.sdkman\candidates\java\current\bin;C:\Users\madhu\.sdkman\candidates\maven\current\bin;C:\Users\madhu\.sdkman\candidates\gradle\current\bin;C:\ProgramData\chocolatey\bin;C:\Program Files (x86)\Yarn\bin;C:\Program Files (x86)\QuickTime\QTSystem;C:\Program Files\TortoiseGit\bin;C:\Program Files\Docker\Docker\resources\bin;C:\ProgramData\DockerDesktop\version-bin;C:\Program Files\Kubernetes\Minikube;C:\Program Files\dotnet;C:\Program Files\nodejs;C:\Users\madhu\AppData\Local\Microsoft\WindowsApps;C:\Users\madhu;C:\Program Files\Amazon\AWSCLI;C:\Users\madhu\AppData\Local\Programs\Microsoft VS Code\bin;C:\Users\madhu\AppData\Local\Microsoft\WindowsApps;C:\Users\madhu\miniconda3;C:\Users\madhu\miniconda3\Library\bin;C:\platform-tools;."/>
    <property name="maven.conf" value="C:/Users/madhu/.sdkman/candidates/maven/current/conf"/>
    <property name="jdk.debug" value="release"/>
    <property name="java.class.version" value="61.0"/>
    <property name="java.specification.name" value="Java Platform API Specification"/>
    <property name="sun.management.compiler" value="HotSpot 64-Bit Tiered Compilers"/>
    <property name="os.version" value="10.0"/>
    <property name="library.jansi.path" value="C:/Users/madhu/.sdkman/candidates/maven/current/lib/jansi-native"/>
    <property name="user.home" value="C:\Users\madhu"/>
    <property name="user.timezone" value="America/Chicago"/>
    <property name="file.encoding" value="Cp1252"/>
    <property name="java.specification.version" value="17"/>
    <property name="user.name" value="madhu"/>
    <property name="java.class.path" value="C:/Users/madhu/.sdkman/candidates/maven/current/boot/plexus-classworlds-2.6.0.jar"/>
    <property name="java.vm.specification.version" value="17"/>
    <property name="sun.arch.data.model" value="64"/>
    <property name="sun.java.command" value="org.codehaus.plexus.classworlds.launcher.Launcher test"/>
    <property name="java.home" value="C:\Users\madhu\.sdkman\candidates\java\current"/>
    <property name="user.language" value="en"/>
    <property name="java.specification.vendor" value="Oracle Corporation"/>
    <property name="java.vm.info" value="mixed mode, sharing"/>
    <property name="java.version" value="17.0.6"/>
    <property name="native.encoding" value="Cp1252"/>
    <property name="java.vendor" value="Eclipse Adoptium"/>
    <property name="sun.stderr.encoding" value="cp437"/>
    <property name="maven.home" value="C:\Users\madhu\.sdkman\candidates\maven\current"/>
    <property name="file.separator" value="\"/>
    <property name="java.version.date" value="2023-01-17"/>
    <property name="java.vendor.url.bug" value="https://github.com/adoptium/adoptium-support/issues"/>
    <property name="sun.io.unicode.encoding" value="UnicodeLittle"/>
    <property name="sun.cpu.endian" value="little"/>
    <property name="java.vendor.version" value="Temurin-17.0.6+10"/>
    <property name="sun.stdout.encoding" value="cp437"/>
    <property name="sun.cpu.isalist" value="amd64"/>
  </properties>
  <testcase classname="CalculatorTest" name="CalculatorTest.testAddWithOutParameters" time="0.013">
    <failure message="expected: &lt;0&gt; but was: &lt;1&gt;" type="org.opentest4j.AssertionFailedError">org.opentest4j.AssertionFailedError: expected: &lt;0&gt; but was: &lt;1&gt;
	at org.junit.jupiter.api.AssertionUtils.fail(AssertionUtils.java:55)
	at org.junit.jupiter.api.AssertionUtils.failNotEqual(AssertionUtils.java:62)
	at org.junit.jupiter.api.AssertEquals.assertEquals(AssertEquals.java:150)
	at org.junit.jupiter.api.AssertEquals.assertEquals(AssertEquals.java:145)
	at org.junit.jupiter.api.Assertions.assertEquals(Assertions.java:527)
	at CalculatorTest.testAddWithOutParameters(CalculatorTest.java:15)
</failure>
  </testcase>
  <testcase classname="CalculatorTest" name="CalculatorTest.testAdd" time="0"/>
</testsuite>